
File size: 236 bytes

SECTION OPENED section scheme_name: ARM  section size: 168
- INTER SECTION OPENED section scheme_name: schm section size: 98
Version: 5
Name: Новая схема
DBIP: 127.0.0.1
width: 15360
height: 1200
work_scale: 0
bg_color: b: 255 g: 255 r: 255
setColor: b: 192 g: 192 r: 192
BitDepth: 0
count_of_objects: 4607182418800017408
windowsSize_x: 0
windowsSize_y: 0
- INTER SECTION CLOSED section scheme_name: schm
- INTER SECTION OPENED section scheme_name: cach section size: 5
cache_count: 0
- INTER SECTION CLOSED section scheme_name: cach
- INTER SECTION OPENED section scheme_name: link section size: 5
links_count: 0
- INTER SECTION CLOSED section scheme_name: link
- INTER SECTION OPENED section scheme_name: sect section size: 10
next_section_number: 0
sect_count: 0
- INTER SECTION CLOSED section scheme_name: sect
- INTER SECTION OPENED section scheme_name: objs section size: 5
objs_count: 0
- INTER SECTION CLOSED section scheme_name: objs
SECTION CLOSED section scheme_name: ARM 
SECTION OPENED section scheme_name: extd section size: 5
f_work_variable: 0
SECTION CLOSED section scheme_name: extd
SECTION OPENED section scheme_name: sch2 section size: 22
window_size_X: 0
window_size_Y: 0
pixels_per_inch_X: 0
pixels_per_inch_Y: 0
SECTION CLOSED section scheme_name: sch2
SECTION OPENED section scheme_name: font section size: 5
BLOCK OPENED block size: 4
00000000 00000000 00000000 00000000
BLOCK CLOSED
SECTION CLOSED section scheme_name: font
