
File size: 7403 bytes

SECTION OPENED section scheme_name: ARM  section size: 7335
- INTER SECTION OPENED section scheme_name: schm section size: 98
Version: 5
Name: Новая схема
DBIP: 127.0.0.1
width: 2100
height: 2236
work_scale: 0
bg_color: b: 0 g: 0 r: 0
net_color: b: 0 g: 0 r: 0
BitDepth: 0
count_of_objects: 4607182418800017410
windowsSize_x: 0
windowsSize_y: 0
- INTER SECTION CLOSED section scheme_name: schm
- INTER SECTION OPENED section scheme_name: cach section size: 5759
cache_count: 2
- - INTER SECTION OPENED section scheme_name: cach.1 section size: 2894
BLOCK OPENED block size: 4
00000001 00000000 00000000 00000000
BLOCK CLOSED
BLOCK OPENED block size: 4
00000001 00000000 00000000 00000000
BLOCK CLOSED
- - - INTER SECTION OPENED section scheme_name: cach.1.1 section size: 2875

Watch lower in OBJS section в‡“ 

- - - INTER SECTION CLOSED section scheme_name: cach.1.1
- - INTER SECTION CLOSED section scheme_name: cach.1
- - INTER SECTION OPENED section scheme_name: cach.2 section size: 2842
BLOCK OPENED block size: 4
00000001 00000000 00000000 00000000
BLOCK CLOSED
BLOCK OPENED block size: 4
00000001 00000000 00000000 00000000
BLOCK CLOSED
- - - INTER SECTION OPENED section scheme_name: cach.2.1 section size: 2823

Watch lower in OBJS section в‡“ 

- - - INTER SECTION CLOSED section scheme_name: cach.2.1
- - INTER SECTION CLOSED section scheme_name: cach.2
- INTER SECTION CLOSED section scheme_name: cach
- INTER SECTION OPENED section scheme_name: link section size: 5
links_count: 0
- INTER SECTION CLOSED section scheme_name: link
- INTER SECTION OPENED section scheme_name: sect section size: 10
next_section_number: 0
sect_count: 0
- INTER SECTION CLOSED section scheme_name: sect
- INTER SECTION OPENED section scheme_name: objs section size: 1418
objs_count: 2
- - INTER SECTION OPENED section scheme_name: objs.1 section size: 724
BLOCK OPENED block size: 1
00000001 BLOCK CLOSED
BLOCK OPENED block size: 4
00000001 00000000 00000000 00000000
BLOCK CLOSED
BLOCK OPENED block size: 4
00000000 00000000 00000000 00000000
BLOCK CLOSED
BLOCK OPENED block size: 4
00000100 00000000 00000000 00000000
BLOCK CLOSED
- - - INTER SECTION OPENED section scheme_name: objs.1.1 section size: 629
BLOCK OPENED block size: 4
01100110 00000010 00000000 00000000
BLOCK CLOSED
