
File size: 2179 bytes

SECTION OPENED section scheme_name: ARM  section size: 2111
- INTER SECTION OPENED section scheme_name: schm section size: 98
Version: 5
Name: Новая схема
DBIP: 127.0.0.1
width: 2100
height: 2236
work_scale: 0
bg_color: b: 0 g: 0 r: 0
net_color: b: 0 g: 0 r: 0
BitDepth: 0
count_of_objects: 1
windowsSize_x: 0
windowsSize_y: 0
- INTER SECTION CLOSED section scheme_name: schm
- INTER SECTION OPENED section scheme_name: cach section size: 1268
cache_count: 1
- - INTER SECTION OPENED section scheme_name: cach.1 section size: 1254
BLOCK OPENED block size: 4
00000001 00000000 00000000 00000000
BLOCK CLOSED
BLOCK OPENED block size: 4
00000001 00000000 00000000 00000000
BLOCK CLOSED
- - - INTER SECTION OPENED section scheme_name: cach.1.1 section size: 1235

Watch lower in OBJS section в‡“ 

- - - INTER SECTION CLOSED section scheme_name: cach.1.1
- - INTER SECTION CLOSED section scheme_name: cach.1
- INTER SECTION CLOSED section scheme_name: cach
- INTER SECTION OPENED section scheme_name: link section size: 5
links_count: 0
- INTER SECTION CLOSED section scheme_name: link
- INTER SECTION OPENED section scheme_name: sect section size: 10
next_section_number: 0
sect_count: 0
- INTER SECTION CLOSED section scheme_name: sect
- INTER SECTION OPENED section scheme_name: objs section size: 685
objs_count: 1
- - INTER SECTION OPENED section scheme_name: objs.1 section size: 671
BLOCK OPENED block size: 1
00000001 BLOCK CLOSED
BLOCK OPENED block size: 4
00000001 00000000 00000000 00000000
BLOCK CLOSED
BLOCK OPENED block size: 4
00000000 00000000 00000000 00000000
BLOCK CLOSED
BLOCK OPENED block size: 4
00000100 00000000 00000000 00000000
BLOCK CLOSED
- - - INTER SECTION OPENED section scheme_name: objs.1.1 section size: 576
BLOCK OPENED block size: 4
00110001 00000010 00000000 00000000
BLOCK CLOSED
- - - INTER SECTION CLOSED section scheme_name: objs.1.1
- - - INTER SECTION OPENED section scheme_name: objs.1.2 section size: 17
BLOCK OPENED block size: 1
00000001 BLOCK CLOSED
BLOCK OPENED block size: 4
00001001 00000000 00000000 00000000
BLOCK CLOSED
BLOCK OPENED block size: 9
00000000 00000000 00000000 00000000
00000000 11111111 11111111 11111111
11111111 BLOCK CLOSED
- - - INTER SECTION CLOSED section scheme_name: objs.1.2
- - - INTER SECTION OPENED section scheme_name: objs.1.3 section size: 12
BLOCK OPENED block size: 1
00000001 BLOCK CLOSED
BLOCK OPENED block size: 4
00000100 00000000 00000000 00000000
BLOCK CLOSED
BLOCK OPENED block size: 4
11111111 11111111 11111111 11111111
BLOCK CLOSED
- - - INTER SECTION CLOSED section scheme_name: objs.1.3
- - - INTER SECTION OPENED section scheme_name: objs.1.4 section size: 13
BLOCK OPENED block size: 1
00000001 BLOCK CLOSED
BLOCK OPENED block size: 4
00000101 00000000 00000000 00000000
BLOCK CLOSED
BLOCK OPENED block size: 5
00000000 00000000 00000000 00000000
00000000 BLOCK CLOSED
- - - INTER SECTION CLOSED section scheme_name: objs.1.4
- - INTER SECTION CLOSED section scheme_name: objs.1
- INTER SECTION CLOSED section scheme_name: objs
SECTION CLOSED section scheme_name: ARM 
SECTION OPENED section scheme_name: extd section size: 5
f_work_variable: 0
SECTION CLOSED section scheme_name: extd
SECTION OPENED section scheme_name: sch2 section size: 22
window_size_X: 0
window_size_Y: 0
pixels_per_inch_X: 0
pixels_per_inch_Y: 0
SECTION CLOSED section scheme_name: sch2
SECTION OPENED section scheme_name: font section size: 5
BLOCK OPENED block size: 4
00000000 00000000 00000000 00000000
BLOCK CLOSED
SECTION CLOSED section scheme_name: font
