
File size: 91223 bytes

SECTION OPENED section scheme_name: ARM  section size: 91155
- INTER SECTION OPENED section scheme_name: schm section size: 98
Version: 5
Name: Новая схема
DBIP: 127.0.0.1
width: 15360
height: 1200
work_scale: 0
bg_color: b: 255 g: 255 r: 255
setColor: b: 192 g: 192 r: 192
BitDepth: 0
count_of_objects: 4607182418800017409
windowsSize_x: 0
windowsSize_y: 0
- INTER SECTION CLOSED section scheme_name: schm
- INTER SECTION OPENED section scheme_name: cach section size: 90312
cache_count: 1
- - INTER SECTION OPENED section scheme_name: cach.1 section size: 90298
BLOCK OPENED block size: 4
00000001 00000000 00000000 00000000
BLOCK CLOSED
BLOCK OPENED block size: 4
00000001 00000000 00000000 00000000
BLOCK CLOSED
- - - INTER SECTION OPENED section scheme_name: cach.1.1 section size: 90279

Watch lower in OBJS section в‡“ 

- - - INTER SECTION CLOSED section scheme_name: cach.1.1
- - INTER SECTION CLOSED section scheme_name: cach.1
- INTER SECTION CLOSED section scheme_name: cach
- INTER SECTION OPENED section scheme_name: link section size: 5
links_count: 0
- INTER SECTION CLOSED section scheme_name: link
- INTER SECTION OPENED section scheme_name: sect section size: 10
next_section_number: 0
sect_count: 0
- INTER SECTION CLOSED section scheme_name: sect
- INTER SECTION OPENED section scheme_name: objs section size: 685
objs_count: 1
- - INTER SECTION OPENED section scheme_name: objs.1 section size: 671
BLOCK OPENED block size: 4
00000000 00000000 00000000 00000000
BLOCK CLOSED
BLOCK OPENED block size: 4
00000100 00000000 00000000 00000000
BLOCK CLOSED
- - - INTER SECTION OPENED section scheme_name: objs.1.1 section size: 576
BLOCK OPENED block size: 4
00110001 00000010 00000000 00000000
BLOCK CLOSED
